<?xml version="1.0" encoding="UTF-8"?>
<testsuite xmlns:xsi="http://www.w3.org/2001/XMLSchema-instance" xsi:noNamespaceSchemaLocation="https://maven.apache.org/surefire/maven-surefire-plugin/xsd/surefire-test-report.xsd" name="StepDefinitions.TestRunner_RunWithSingleTag" time="0.086" tests="3" errors="0" skipped="0" failures="0">
  <properties>
[...]
</properties>
  <testcase name="Sample 1" classname="Feature to demo tags" time="0"/>
  <testcase name="Sample 2" classname="Feature to demo tags" time="0"/>
  <testcase name="Sample 3" classname="Feature to demo tags" time="0"/>
</testsuite>