<?xml version="1.0" encoding="UTF-8" standalone="no"?>
<testsuite errors="0" failures="0" name="io.cucumber.core.plugin.JUnitFormatter" skipped="0" tests="1" time="8.351">
<testcase classname="Check login functionality" name="_2" time="8.309">
<system-out><![CDATA[Given user is on the page...................................................passed
When user enters valid username and password................................passed
And clicks on login button..................................................passed
Then user is navigated to the web page......................................passed
]]></system-out>
</testcase>
</testsuite>
